# project noname (1.0) configured on Thu Oct  6 19:01:11 2011 by
# waf 1.5.16 (abi 7, python 20701f0 on linux2)
# using /usr/bin/node-waf configure build
#

----------------------------------------
Setting srcdir to
/home/dsr/Organizations/EU/Webinos/WP4/experimental/node_modules/nfc

----------------------------------------
Setting blddir to
/home/dsr/Organizations/EU/Webinos/WP4/experimental/node_modules/nfc/build

----------------------------------------
Checking for program g++ or c++
  find program=['g++', 'c++'] paths=[] var='CXX'
  -> '/usr/bin/g++'

----------------------------------------
Checking for program cpp
  find program=['cpp'] paths=[] var='CPP'
  -> '/usr/bin/cpp'

----------------------------------------
Checking for program ar
  find program=['ar'] paths=[] var='AR'
  -> '/usr/bin/ar'

----------------------------------------
Checking for program ranlib
  find program=['ranlib'] paths=[] var='RANLIB'
  -> '/usr/bin/ranlib'

----------------------------------------
Checking for g++ 
ok 

----------------------------------------
Checking for node path 
not found

----------------------------------------
Checking for node prefix 
ok /usr

----------------------------------------
Checking for libnfc
pkg-config --errors-to-stdout --print-errors --cflags --libs libnfc
-pthread -I/usr/local/include -I/usr/include/PCSC  -L/usr/local/lib -lnfc -lusb -lpcsclite  
yes

----------------------------------------
Checking for libpcsclite
pkg-config --errors-to-stdout --print-errors --cflags --libs libpcsclite
-pthread -I/usr/include/PCSC  -lpcsclite  
yes

----------------------------------------
Checking for libusb
pkg-config --errors-to-stdout --print-errors --cflags --libs libusb
 -lusb  
yes
