# project noname (1.0) configured on Sun Sep 18 13:10:56 2011 by
# waf 1.5.16 (abi 7, python 20701f0 on linux2)
# using /usr/bin/node-waf configure build
#

----------------------------------------
Setting srcdir to
/home/dsr/Organizations/EU/Webinos/WP4/experimental/node_modules/bluetooth

----------------------------------------
Setting blddir to
/home/dsr/Organizations/EU/Webinos/WP4/experimental/node_modules/bluetooth/build

----------------------------------------
Checking for program g++ or c++
  find program=['g++', 'c++'] paths=[] var='CXX'
  -> '/usr/bin/g++'

----------------------------------------
Checking for program cpp
  find program=['cpp'] paths=[] var='CPP'
  -> '/usr/bin/cpp'

----------------------------------------
Checking for program ar
  find program=['ar'] paths=[] var='AR'
  -> '/usr/bin/ar'

----------------------------------------
Checking for program ranlib
  find program=['ranlib'] paths=[] var='RANLIB'
  -> '/usr/bin/ranlib'

----------------------------------------
Checking for g++ 
ok 

----------------------------------------
Checking for node path 
not found

----------------------------------------
Checking for node prefix 
ok /usr

----------------------------------------
Checking for library bluetooth
==>

int main() {
	return 0;
}

<==
[1/2] [32mcxx: build/.conf_check_0/test.cpp -> build/.conf_check_0/testbuild/default/test_1.o
[0m['/usr/bin/g++', '-g', '../test.cpp', '-c', '-o', 'default/test_1.o']
[2/2] [33mcxx_link: build/.conf_check_0/testbuild/default/test_1.o -> build/.conf_check_0/testbuild/default/testprog
[0m['/usr/bin/g++', 'default/test_1.o', '-o', '/home/dsr/Organizations/EU/Webinos/WP4/experimental/node_modules/bluetooth/build/.conf_check_0/testbuild/default/testprog', '-L/usr/lib', '-L/usr/local/lib', '-Wl,-Bdynamic', '-lbluetooth']
yes
